<?xml version="1.0" encoding="UTF-8"?>
<!-- Generated by org.testng.reporters.JUnitXMLReporter -->
<testsuite ignored="0" hostname="DESKTOP-FUABKC3" failures="0" tests="3" name="Default test" time="0.308" errors="0" timestamp="2022-04-03T12:11:33 IST">
  <testcase classname="com.crm.PRACTICE.DemoTest" name="test2" time="0.022"/>
  <testcase classname="com.crm.PRACTICE.DemoTest" name="test1" time="0.004"/>
  <testcase classname="com.crm.PRACTICE.DemoTest" name="test3" time="0.004"/>
</testsuite> <!-- Default test -->
