<?xml version="1.0" encoding="UTF-8"?>
<testng-results ignored="0" total="3" passed="3" failed="0" skipped="0">
  <reporter-output>
  </reporter-output>
  <suite started-at="2022-04-03T12:11:33 IST" name="Default suite" finished-at="2022-04-03T12:11:33 IST" duration-ms="308">
    <groups>
    </groups>
    <test started-at="2022-04-03T12:11:33 IST" name="Default test" finished-at="2022-04-03T12:11:33 IST" duration-ms="308">
      <class name="com.crm.PRACTICE.DemoTest">
        <test-method signature="test2()[pri:0, instance:com.crm.PRACTICE.DemoTest@4e096385]" started-at="2022-04-03T12:11:33 IST" name="test2" finished-at="2022-04-03T12:11:33 IST" duration-ms="22" status="PASS">
          <reporter-output>
          </reporter-output>
        </test-method> <!-- test2 -->
        <test-method signature="test1()[pri:1, instance:com.crm.PRACTICE.DemoTest@4e096385]" started-at="2022-04-03T12:11:33 IST" name="test1" finished-at="2022-04-03T12:11:33 IST" duration-ms="4" status="PASS">
          <reporter-output>
          </reporter-output>
        </test-method> <!-- test1 -->
        <test-method signature="test3()[pri:3, instance:com.crm.PRACTICE.DemoTest@4e096385]" started-at="2022-04-03T12:11:33 IST" name="test3" finished-at="2022-04-03T12:11:33 IST" duration-ms="4" status="PASS">
          <reporter-output>
          </reporter-output>
        </test-method> <!-- test3 -->
      </class> <!-- com.crm.PRACTICE.DemoTest -->
    </test> <!-- Default test -->
  </suite> <!-- Default suite -->
</testng-results>
